File 'Piezas.cpp'
Lines executed:94.87% of 78
Branches executed:100.00% of 66
Taken at least once:78.79% of 66
Calls executed:90.91% of 33
Creating 'Piezas.cpp.gcov'

File '/usr/include/c++/4.9/iostream'
Lines executed:100.00% of 1
No branches
Calls executed:100.00% of 2
Creating 'iostream.gcov'

File '/usr/include/c++/4.9/bits/stl_iterator.h'
Lines executed:100.00% of 6
No branches
Calls executed:100.00% of 2
Creating 'stl_iterator.h.gcov'

File '/usr/include/c++/4.9/bits/stl_iterator_base_types.h'
Lines executed:100.00% of 4
No branches
Calls executed:50.00% of 2
Creating 'stl_iterator_base_types.h.gcov'

File '/usr/include/c++/4.9/bits/stl_uninitialized.h'
Lines executed:74.29% of 35
Branches executed:50.00% of 12
Taken at least once:33.33% of 12
Calls executed:48.15% of 27
Creating 'stl_uninitialized.h.gcov'

File '/usr/include/c++/4.9/bits/stl_algobase.h'
Lines executed:57.78% of 45
Branches executed:60.00% of 10
Taken at least once:50.00% of 10
Calls executed:28.26% of 46
Creating 'stl_algobase.h.gcov'

File '/usr/include/c++/4.9/bits/stl_construct.h'
Lines executed:100.00% of 16
Branches executed:100.00% of 6
Taken at least once:66.67% of 6
Calls executed:75.00% of 12
Creating 'stl_construct.h.gcov'

File '/usr/include/c++/4.9/ext/new_allocator.h'
Lines executed:90.91% of 11
Branches executed:100.00% of 4
Taken at least once:50.00% of 4
Calls executed:75.00% of 8
Creating 'new_allocator.h.gcov'

File '/usr/include/c++/4.9/bits/stl_vector.h'
Lines executed:80.90% of 89
Branches executed:86.36% of 44
Taken at least once:45.45% of 44
Calls executed:70.67% of 75
Creating 'stl_vector.h.gcov'

File '/usr/include/c++/4.9/ext/alloc_traits.h'
Lines executed:100.00% of 7
No branches
Calls executed:100.00% of 5
Creating 'alloc_traits.h.gcov'

File '/usr/include/c++/4.9/bits/vector.tcc'
Lines executed:32.86% of 70
Branches executed:25.00% of 48
Taken at least once:12.50% of 48
Calls executed:23.08% of 65
Creating 'vector.tcc.gcov'

File '/usr/include/c++/4.9/bits/move.h'
Lines executed:100.00% of 2
No branches
No calls
Creating 'move.h.gcov'

File '/usr/include/c++/4.9/bits/allocator.h'
Lines executed:100.00% of 4
No branches
Calls executed:100.00% of 5
Creating 'allocator.h.gcov'

File '/usr/include/c++/4.9/new'
Lines executed:66.67% of 3
No branches
No calls
Creating 'new.gcov'

